  [1m[35m (1012.7ms)[0m  [1m[35mCREATE DATABASE "routes_controllers_views_params_development" ENCODING = 'unicode'[0m
  [1m[35m (448.8ms)[0m  [1m[35mCREATE DATABASE "routes_controllers_views_params_test" ENCODING = 'unicode'[0m
Started GET "/" for ::1 at 2022-06-14 14:27:12 -0700
Processing by Rails::WelcomeController#index as HTML
  Rendering /Users/learnacademy/.rvm/gems/ruby-3.0.0/gems/railties-7.0.3/lib/rails/templates/rails/welcome/index.html.erb
  Rendered /Users/learnacademy/.rvm/gems/ruby-3.0.0/gems/railties-7.0.3/lib/rails/templates/rails/welcome/index.html.erb (Duration: 5.8ms | Allocations: 749)
Completed 200 OK in 67ms (Views: 33.1ms | ActiveRecord: 0.0ms | Allocations: 7087)


Started GET "/" for ::1 at 2022-06-14 14:39:28 -0700
Processing by Rails::WelcomeController#index as HTML
  Rendering /Users/learnacademy/.rvm/gems/ruby-3.0.0/gems/railties-7.0.3/lib/rails/templates/rails/welcome/index.html.erb
  Rendered /Users/learnacademy/.rvm/gems/ruby-3.0.0/gems/railties-7.0.3/lib/rails/templates/rails/welcome/index.html.erb (Duration: 2.4ms | Allocations: 641)
Completed 200 OK in 20ms (Views: 8.1ms | ActiveRecord: 0.0ms | Allocations: 5798)


Started GET "/" for ::1 at 2022-06-14 14:39:31 -0700
Processing by Rails::WelcomeController#index as HTML
  Rendering /Users/learnacademy/.rvm/gems/ruby-3.0.0/gems/railties-7.0.3/lib/rails/templates/rails/welcome/index.html.erb
  Rendered /Users/learnacademy/.rvm/gems/ruby-3.0.0/gems/railties-7.0.3/lib/rails/templates/rails/welcome/index.html.erb (Duration: 2.7ms | Allocations: 372)
Completed 200 OK in 8ms (Views: 6.1ms | ActiveRecord: 0.0ms | Allocations: 1249)


Started GET "/" for ::1 at 2022-06-14 14:39:31 -0700
Processing by Rails::WelcomeController#index as HTML
  Rendering /Users/learnacademy/.rvm/gems/ruby-3.0.0/gems/railties-7.0.3/lib/rails/templates/rails/welcome/index.html.erb
  Rendered /Users/learnacademy/.rvm/gems/ruby-3.0.0/gems/railties-7.0.3/lib/rails/templates/rails/welcome/index.html.erb (Duration: 0.2ms | Allocations: 24)
Completed 200 OK in 3ms (Views: 1.2ms | ActiveRecord: 0.0ms | Allocations: 298)


Started GET "/" for ::1 at 2022-06-14 14:39:35 -0700
Processing by Rails::WelcomeController#index as HTML
  Rendering /Users/learnacademy/.rvm/gems/ruby-3.0.0/gems/railties-7.0.3/lib/rails/templates/rails/welcome/index.html.erb
  Rendered /Users/learnacademy/.rvm/gems/ruby-3.0.0/gems/railties-7.0.3/lib/rails/templates/rails/welcome/index.html.erb (Duration: 0.2ms | Allocations: 24)
Completed 200 OK in 3ms (Views: 1.7ms | ActiveRecord: 0.0ms | Allocations: 296)


Started GET "/" for ::1 at 2022-06-14 14:39:43 -0700
Processing by Rails::WelcomeController#index as HTML
  Rendering /Users/learnacademy/.rvm/gems/ruby-3.0.0/gems/railties-7.0.3/lib/rails/templates/rails/welcome/index.html.erb
  Rendered /Users/learnacademy/.rvm/gems/ruby-3.0.0/gems/railties-7.0.3/lib/rails/templates/rails/welcome/index.html.erb (Duration: 0.6ms | Allocations: 24)
Completed 200 OK in 6ms (Views: 2.0ms | ActiveRecord: 0.0ms | Allocations: 296)


Started GET "/" for ::1 at 2022-06-14 14:41:05 -0700
Processing by MainController#home as HTML
Completed 406 Not Acceptable in 2ms (ActiveRecord: 0.0ms | Allocations: 863)


  
ActionController::MissingExactTemplate (MainController#home is missing a template for request formats: text/html):
  
actionpack (7.0.3) lib/action_controller/metal/implicit_render.rb:45:in `default_render'
actionpack (7.0.3) lib/action_controller/metal/basic_implicit_render.rb:6:in `block in send_action'
<internal:kernel>:90:in `tap'
actionpack (7.0.3) lib/action_controller/metal/basic_implicit_render.rb:6:in `send_action'
actionpack (7.0.3) lib/abstract_controller/base.rb:215:in `process_action'
actionpack (7.0.3) lib/action_controller/metal/rendering.rb:53:in `process_action'
actionpack (7.0.3) lib/abstract_controller/callbacks.rb:234:in `block in process_action'
activesupport (7.0.3) lib/active_support/callbacks.rb:118:in `block in run_callbacks'
actiontext (7.0.3) lib/action_text/rendering.rb:20:in `with_renderer'
actiontext (7.0.3) lib/action_text/engine.rb:69:in `block (4 levels) in <class:Engine>'
activesupport (7.0.3) lib/active_support/callbacks.rb:127:in `instance_exec'
activesupport (7.0.3) lib/active_support/callbacks.rb:127:in `block in run_callbacks'
activesupport (7.0.3) lib/active_support/callbacks.rb:138:in `run_callbacks'
actionpack (7.0.3) lib/abstract_controller/callbacks.rb:233:in `process_action'
actionpack (7.0.3) lib/action_controller/metal/rescue.rb:22:in `process_action'
actionpack (7.0.3) lib/action_controller/metal/instrumentation.rb:67:in `block in process_action'
activesupport (7.0.3) lib/active_support/notifications.rb:206:in `block in instrument'
activesupport (7.0.3) lib/active_support/notifications/instrumenter.rb:24:in `instrument'
activesupport (7.0.3) lib/active_support/notifications.rb:206:in `instrument'
actionpack (7.0.3) lib/action_controller/metal/instrumentation.rb:66:in `process_action'
actionpack (7.0.3) lib/action_controller/metal/params_wrapper.rb:259:in `process_action'
activerecord (7.0.3) lib/active_record/railties/controller_runtime.rb:27:in `process_action'
actionpack (7.0.3) lib/abstract_controller/base.rb:151:in `process'
actionview (7.0.3) lib/action_view/rendering.rb:39:in `process'
actionpack (7.0.3) lib/action_controller/metal.rb:188:in `dispatch'
actionpack (7.0.3) lib/action_controller/metal.rb:251:in `dispatch'
actionpack (7.0.3) lib/action_dispatch/routing/route_set.rb:49:in `dispatch'
actionpack (7.0.3) lib/action_dispatch/routing/route_set.rb:32:in `serve'
actionpack (7.0.3) lib/action_dispatch/journey/router.rb:50:in `block in serve'
actionpack (7.0.3) lib/action_dispatch/journey/router.rb:32:in `each'
actionpack (7.0.3) lib/action_dispatch/journey/router.rb:32:in `serve'
actionpack (7.0.3) lib/action_dispatch/routing/route_set.rb:852:in `call'
rack (2.2.3.1) lib/rack/tempfile_reaper.rb:15:in `call'
rack (2.2.3.1) lib/rack/etag.rb:27:in `call'
rack (2.2.3.1) lib/rack/conditional_get.rb:27:in `call'
rack (2.2.3.1) lib/rack/head.rb:12:in `call'
actionpack (7.0.3) lib/action_dispatch/http/permissions_policy.rb:38:in `call'
actionpack (7.0.3) lib/action_dispatch/http/content_security_policy.rb:36:in `call'
rack (2.2.3.1) lib/rack/session/abstract/id.rb:266:in `context'
rack (2.2.3.1) lib/rack/session/abstract/id.rb:260:in `call'
actionpack (7.0.3) lib/action_dispatch/middleware/cookies.rb:697:in `call'
activerecord (7.0.3) lib/active_record/migration.rb:603:in `call'
actionpack (7.0.3) lib/action_dispatch/middleware/callbacks.rb:27:in `block in call'
activesupport (7.0.3) lib/active_support/callbacks.rb:99:in `run_callbacks'
actionpack (7.0.3) lib/action_dispatch/middleware/callbacks.rb:26:in `call'
actionpack (7.0.3) lib/action_dispatch/middleware/executor.rb:14:in `call'
actionpack (7.0.3) lib/action_dispatch/middleware/actionable_exceptions.rb:17:in `call'
actionpack (7.0.3) lib/action_dispatch/middleware/debug_exceptions.rb:28:in `call'
web-console (4.2.0) lib/web_console/middleware.rb:132:in `call_app'
web-console (4.2.0) lib/web_console/middleware.rb:28:in `block in call'
web-console (4.2.0) lib/web_console/middleware.rb:17:in `catch'
web-console (4.2.0) lib/web_console/middleware.rb:17:in `call'
actionpack (7.0.3) lib/action_dispatch/middleware/show_exceptions.rb:26:in `call'
railties (7.0.3) lib/rails/rack/logger.rb:40:in `call_app'
railties (7.0.3) lib/rails/rack/logger.rb:25:in `block in call'
activesupport (7.0.3) lib/active_support/tagged_logging.rb:114:in `block in tagged'
activesupport (7.0.3) lib/active_support/tagged_logging.rb:38:in `tagged'
activesupport (7.0.3) lib/active_support/tagged_logging.rb:114:in `tagged'
railties (7.0.3) lib/rails/rack/logger.rb:25:in `call'
sprockets-rails (3.4.2) lib/sprockets/rails/quiet_assets.rb:13:in `call'
actionpack (7.0.3) lib/action_dispatch/middleware/remote_ip.rb:93:in `call'
actionpack (7.0.3) lib/action_dispatch/middleware/request_id.rb:26:in `call'
rack (2.2.3.1) lib/rack/method_override.rb:24:in `call'
rack (2.2.3.1) lib/rack/runtime.rb:22:in `call'
activesupport (7.0.3) lib/active_support/cache/strategy/local_cache_middleware.rb:29:in `call'
actionpack (7.0.3) lib/action_dispatch/middleware/server_timing.rb:20:in `call'
actionpack (7.0.3) lib/action_dispatch/middleware/executor.rb:14:in `call'
actionpack (7.0.3) lib/action_dispatch/middleware/static.rb:23:in `call'
rack (2.2.3.1) lib/rack/sendfile.rb:110:in `call'
actionpack (7.0.3) lib/action_dispatch/middleware/host_authorization.rb:137:in `call'
railties (7.0.3) lib/rails/engine.rb:530:in `call'
puma (5.6.4) lib/puma/configuration.rb:252:in `call'
puma (5.6.4) lib/puma/request.rb:77:in `block in handle_request'
puma (5.6.4) lib/puma/thread_pool.rb:340:in `with_force_shutdown'
puma (5.6.4) lib/puma/request.rb:76:in `handle_request'
puma (5.6.4) lib/puma/server.rb:441:in `process_client'
puma (5.6.4) lib/puma/thread_pool.rb:147:in `block in spawn_thread'
Started GET "/" for ::1 at 2022-06-14 14:42:09 -0700
Processing by MainController#home as HTML
  Rendering layout layouts/application.html.erb
  Rendering main/home.html.erb within layouts/application
  Rendered main/home.html.erb within layouts/application (Duration: 0.8ms | Allocations: 123)
  Rendered layout layouts/application.html.erb (Duration: 3598.2ms | Allocations: 94758)
Completed 200 OK in 3604ms (Views: 3601.0ms | ActiveRecord: 0.0ms | Allocations: 95805)


Started GET "/" for ::1 at 2022-06-14 14:44:40 -0700
  
ArgumentError (Missing :controller key on routes definition, please check your routes.):
  
config/routes.rb:2:in `block in <main>'
config/routes.rb:1:in `<main>'
Started GET "/" for ::1 at 2022-06-14 14:45:28 -0700
Processing by MainController#home as HTML
  Rendering layout layouts/application.html.erb
  Rendering main/home.html.erb within layouts/application
  Rendered main/home.html.erb within layouts/application (Duration: 0.1ms | Allocations: 17)
  Rendered layout layouts/application.html.erb (Duration: 22.8ms | Allocations: 14020)
Completed 200 OK in 25ms (Views: 24.6ms | ActiveRecord: 0.0ms | Allocations: 14790)


Started GET "/" for ::1 at 2022-06-14 14:52:02 -0700
Processing by MainController#home as HTML
  Rendering layout layouts/application.html.erb
  Rendering main/home.html.erb within layouts/application
  Rendered main/home.html.erb within layouts/application (Duration: 1.1ms | Allocations: 122)
  Rendered layout layouts/application.html.erb (Duration: 29.5ms | Allocations: 14219)
Completed 200 OK in 33ms (Views: 32.5ms | Allocations: 15275)


Started GET "/geovanna" for ::1 at 2022-06-14 14:52:11 -0700
Processing by MainController#geovanna as HTML
  Rendering layout layouts/application.html.erb
  Rendering main/geovanna.html.erb within layouts/application
  Rendered main/geovanna.html.erb within layouts/application (Duration: 0.7ms | Allocations: 116)
  Rendered layout layouts/application.html.erb (Duration: 10.5ms | Allocations: 2524)
Completed 200 OK in 12ms (Views: 11.2ms | Allocations: 2896)


Started GET "/stephen" for ::1 at 2022-06-14 14:52:19 -0700
Processing by MainController#stephen as HTML
  Rendering layout layouts/application.html.erb
  Rendering main/stephen.html.erb within layouts/application
  Rendered main/stephen.html.erb within layouts/application (Duration: 1.6ms | Allocations: 116)
  Rendered layout layouts/application.html.erb (Duration: 9.5ms | Allocations: 2524)
Completed 200 OK in 13ms (Views: 10.8ms | Allocations: 2896)


Started GET "/stephen" for ::1 at 2022-06-14 14:52:28 -0700
Processing by MainController#stephen as HTML
  Rendering layout layouts/application.html.erb
  Rendering main/stephen.html.erb within layouts/application
  Rendered main/stephen.html.erb within layouts/application (Duration: 0.7ms | Allocations: 120)
  Rendered layout layouts/application.html.erb (Duration: 6.8ms | Allocations: 2843)
Completed 200 OK in 14ms (Views: 10.8ms | Allocations: 3868)


Started GET "/stephen" for ::1 at 2022-06-14 14:55:55 -0700
Processing by MainController#stephen as HTML
  Rendering layout layouts/application.html.erb
  Rendering main/stephen.html.erb within layouts/application
  Rendered main/stephen.html.erb within layouts/application (Duration: 4.2ms | Allocations: 119)
  Rendered layout layouts/application.html.erb (Duration: 14.5ms | Allocations: 2810)
Completed 200 OK in 20ms (Views: 18.1ms | Allocations: 3836)


Started GET "/stephen" for ::1 at 2022-06-14 14:55:56 -0700
Processing by MainController#stephen as HTML
  Rendering layout layouts/application.html.erb
  Rendering main/stephen.html.erb within layouts/application
  Rendered main/stephen.html.erb within layouts/application (Duration: 0.1ms | Allocations: 15)
  Rendered layout layouts/application.html.erb (Duration: 5.3ms | Allocations: 2409)
Completed 200 OK in 7ms (Views: 6.0ms | Allocations: 2725)


Started GET "/" for ::1 at 2022-06-14 14:56:00 -0700
Processing by MainController#home as HTML
  Rendering layout layouts/application.html.erb
  Rendering main/home.html.erb within layouts/application
  Rendered main/home.html.erb within layouts/application (Duration: 1.4ms | Allocations: 168)
  Rendered layout layouts/application.html.erb (Duration: 9.6ms | Allocations: 2582)
Completed 200 OK in 13ms (Views: 11.3ms | Allocations: 2953)


Started GET "/stephen" for ::1 at 2022-06-14 14:56:02 -0700
Processing by MainController#stephen as HTML
  Rendering layout layouts/application.html.erb
  Rendering main/stephen.html.erb within layouts/application
  Rendered main/stephen.html.erb within layouts/application (Duration: 0.1ms | Allocations: 15)
  Rendered layout layouts/application.html.erb (Duration: 5.3ms | Allocations: 2415)
Completed 200 OK in 7ms (Views: 6.3ms | Allocations: 2733)


Started GET "/stephen" for ::1 at 2022-06-14 14:56:04 -0700
Processing by MainController#stephen as HTML
  Rendering layout layouts/application.html.erb
  Rendering main/stephen.html.erb within layouts/application
  Rendered main/stephen.html.erb within layouts/application (Duration: 0.1ms | Allocations: 15)
  Rendered layout layouts/application.html.erb (Duration: 6.8ms | Allocations: 2429)
Completed 200 OK in 9ms (Views: 7.6ms | Allocations: 2744)


Started GET "/" for ::1 at 2022-06-14 14:56:38 -0700
Processing by MainController#home as HTML
  Rendering layout layouts/application.html.erb
  Rendering main/home.html.erb within layouts/application
  Rendered main/home.html.erb within layouts/application (Duration: 1.9ms | Allocations: 206)
  Rendered layout layouts/application.html.erb (Duration: 14.0ms | Allocations: 2897)
Completed 200 OK in 18ms (Views: 16.9ms | Allocations: 3922)


Started GET "/geovanna" for ::1 at 2022-06-14 14:56:44 -0700
Processing by MainController#geovanna as HTML
  Rendering layout layouts/application.html.erb
  Rendering main/geovanna.html.erb within layouts/application
  Rendered main/geovanna.html.erb within layouts/application (Duration: 2.8ms | Allocations: 115)
  Rendered layout layouts/application.html.erb (Duration: 8.4ms | Allocations: 2514)
Completed 200 OK in 11ms (Views: 9.6ms | Allocations: 2891)


Started GET "/" for ::1 at 2022-06-14 14:56:49 -0700
Processing by MainController#home as HTML
  Rendering layout layouts/application.html.erb
  Rendering main/home.html.erb within layouts/application
  Rendered main/home.html.erb within layouts/application (Duration: 0.1ms | Allocations: 54)
  Rendered layout layouts/application.html.erb (Duration: 7.5ms | Allocations: 2461)
Completed 200 OK in 9ms (Views: 8.4ms | Allocations: 2776)


Started GET "/" for ::1 at 2022-06-14 14:57:36 -0700
Processing by MainController#home as HTML
  Rendering layout layouts/application.html.erb
  Rendering main/home.html.erb within layouts/application
  Rendered main/home.html.erb within layouts/application (Duration: 1.1ms | Allocations: 206)
  Rendered layout layouts/application.html.erb (Duration: 7.5ms | Allocations: 2907)
Completed 200 OK in 14ms (Views: 12.2ms | Allocations: 3932)


Started GET "/geovanna" for ::1 at 2022-06-14 14:57:37 -0700
Processing by MainController#geovanna as HTML
  Rendering layout layouts/application.html.erb
  Rendering main/geovanna.html.erb within layouts/application
  Rendered main/geovanna.html.erb within layouts/application (Duration: 1.1ms | Allocations: 154)
  Rendered layout layouts/application.html.erb (Duration: 10.3ms | Allocations: 2571)
Completed 200 OK in 14ms (Views: 12.4ms | Allocations: 2946)


Started GET "/home" for ::1 at 2022-06-14 14:57:38 -0700
  
ActionController::RoutingError (No route matches [GET] "/home"):
  
Started GET "/home" for ::1 at 2022-06-14 14:58:13 -0700
  
ActionController::RoutingError (No route matches [GET] "/home"):
  
Started GET "/" for ::1 at 2022-06-14 14:58:27 -0700
Processing by MainController#home as HTML
  Rendering layout layouts/application.html.erb
  Rendering main/home.html.erb within layouts/application
  Rendered main/home.html.erb within layouts/application (Duration: 2.2ms | Allocations: 206)
  Rendered layout layouts/application.html.erb (Duration: 17.2ms | Allocations: 2923)
Completed 200 OK in 28ms (Views: 23.9ms | Allocations: 3904)


Started GET "/geovanna" for ::1 at 2022-06-14 14:58:29 -0700
Processing by MainController#geovanna as HTML
  Rendering layout layouts/application.html.erb
  Rendering main/geovanna.html.erb within layouts/application
  Rendered main/geovanna.html.erb within layouts/application (Duration: 1.8ms | Allocations: 151)
  Rendered layout layouts/application.html.erb (Duration: 8.1ms | Allocations: 2565)
Completed 200 OK in 12ms (Views: 9.3ms | Allocations: 2940)


Started GET "/" for ::1 at 2022-06-14 14:58:30 -0700
Processing by MainController#home as HTML
  Rendering layout layouts/application.html.erb
  Rendering main/home.html.erb within layouts/application
  Rendered main/home.html.erb within layouts/application (Duration: 0.3ms | Allocations: 54)
  Rendered layout layouts/application.html.erb (Duration: 4.2ms | Allocations: 2464)
Completed 200 OK in 5ms (Views: 4.7ms | Allocations: 2782)


Started GET "/stephen" for ::1 at 2022-06-14 14:58:31 -0700
Processing by MainController#stephen as HTML
  Rendering layout layouts/application.html.erb
  Rendering main/stephen.html.erb within layouts/application
  Rendered main/stephen.html.erb within layouts/application (Duration: 0.5ms | Allocations: 152)
  Rendered layout layouts/application.html.erb (Duration: 3.3ms | Allocations: 2560)
Completed 200 OK in 4ms (Views: 3.7ms | Allocations: 2935)


Started GET "/" for ::1 at 2022-06-14 14:58:32 -0700
Processing by MainController#home as HTML
  Rendering layout layouts/application.html.erb
  Rendering main/home.html.erb within layouts/application
  Rendered main/home.html.erb within layouts/application (Duration: 0.1ms | Allocations: 54)
  Rendered layout layouts/application.html.erb (Duration: 6.5ms | Allocations: 2462)
Completed 200 OK in 8ms (Views: 7.4ms | Allocations: 2780)


Started GET "/stephen" for ::1 at 2022-06-14 14:59:16 -0700
Processing by MainController#stephen as HTML
  Rendering layout layouts/application.html.erb
  Rendering main/stephen.html.erb within layouts/application
  Rendered main/stephen.html.erb within layouts/application (Duration: 0.2ms | Allocations: 34)
  Rendered layout layouts/application.html.erb (Duration: 3.6ms | Allocations: 2445)
Completed 200 OK in 5ms (Views: 4.3ms | Allocations: 2763)


Started GET "/" for ::1 at 2022-06-14 14:59:24 -0700
Processing by MainController#home as HTML
  Rendering layout layouts/application.html.erb
  Rendering main/home.html.erb within layouts/application
  Rendered main/home.html.erb within layouts/application (Duration: 0.2ms | Allocations: 54)
  Rendered layout layouts/application.html.erb (Duration: 10.1ms | Allocations: 2472)
Completed 200 OK in 14ms (Views: 11.2ms | Allocations: 2790)


Started GET "/stephen" for ::1 at 2022-06-14 14:59:26 -0700
Processing by MainController#stephen as HTML
  Rendering layout layouts/application.html.erb
  Rendering main/stephen.html.erb within layouts/application
  Rendered main/stephen.html.erb within layouts/application (Duration: 0.1ms | Allocations: 34)
  Rendered layout layouts/application.html.erb (Duration: 4.1ms | Allocations: 2446)
Completed 200 OK in 5ms (Views: 4.6ms | Allocations: 2764)


Started GET "/" for ::1 at 2022-06-14 14:59:27 -0700
Processing by MainController#home as HTML
  Rendering layout layouts/application.html.erb
  Rendering main/home.html.erb within layouts/application
  Rendered main/home.html.erb within layouts/application (Duration: 0.2ms | Allocations: 54)
  Rendered layout layouts/application.html.erb (Duration: 4.4ms | Allocations: 2476)
Completed 200 OK in 7ms (Views: 5.4ms | Allocations: 2794)


Started GET "/stephen" for ::1 at 2022-06-14 14:59:28 -0700
Processing by MainController#stephen as HTML
  Rendering layout layouts/application.html.erb
  Rendering main/stephen.html.erb within layouts/application
  Rendered main/stephen.html.erb within layouts/application (Duration: 0.3ms | Allocations: 34)
  Rendered layout layouts/application.html.erb (Duration: 7.4ms | Allocations: 2436)
Completed 200 OK in 10ms (Views: 8.8ms | Allocations: 2754)


Started GET "/" for ::1 at 2022-06-14 14:59:29 -0700
Processing by MainController#home as HTML
  Rendering layout layouts/application.html.erb
  Rendering main/home.html.erb within layouts/application
  Rendered main/home.html.erb within layouts/application (Duration: 0.1ms | Allocations: 54)
  Rendered layout layouts/application.html.erb (Duration: 5.7ms | Allocations: 2460)
Completed 200 OK in 7ms (Views: 6.3ms | Allocations: 2778)


Started GET "/geovanna" for ::1 at 2022-06-14 14:59:56 -0700
Processing by MainController#geovanna as HTML
  Rendering layout layouts/application.html.erb
  Rendering main/geovanna.html.erb within layouts/application
  Rendered main/geovanna.html.erb within layouts/application (Duration: 0.1ms | Allocations: 34)
  Rendered layout layouts/application.html.erb (Duration: 6.8ms | Allocations: 2432)
Completed 200 OK in 9ms (Views: 7.8ms | Allocations: 2750)


Started GET "/" for ::1 at 2022-06-14 15:00:09 -0700
Processing by MainController#home as HTML
  Rendering layout layouts/application.html.erb
  Rendering main/home.html.erb within layouts/application
  Rendered main/home.html.erb within layouts/application (Duration: 0.1ms | Allocations: 54)
  Rendered layout layouts/application.html.erb (Duration: 4.4ms | Allocations: 2462)
Completed 200 OK in 6ms (Views: 5.3ms | Allocations: 2780)


Started GET "/geovanna" for ::1 at 2022-06-14 15:00:10 -0700
Processing by MainController#geovanna as HTML
  Rendering layout layouts/application.html.erb
  Rendering main/geovanna.html.erb within layouts/application
  Rendered main/geovanna.html.erb within layouts/application (Duration: 0.3ms | Allocations: 34)
  Rendered layout layouts/application.html.erb (Duration: 6.1ms | Allocations: 2446)
Completed 200 OK in 8ms (Views: 7.2ms | Allocations: 2764)


Started GET "/" for ::1 at 2022-06-14 15:00:18 -0700
Processing by MainController#home as HTML
  Rendering layout layouts/application.html.erb
  Rendering main/home.html.erb within layouts/application
  Rendered main/home.html.erb within layouts/application (Duration: 0.2ms | Allocations: 54)
  Rendered layout layouts/application.html.erb (Duration: 3.8ms | Allocations: 2458)
Completed 200 OK in 6ms (Views: 4.8ms | Allocations: 2776)


Started GET "/" for ::1 at 2022-06-14 15:05:02 -0700
Processing by MainController#home as HTML
  Rendering layout layouts/application.html.erb
  Rendering main/home.html.erb within layouts/application
  Rendered main/home.html.erb within layouts/application (Duration: 2.1ms | Allocations: 206)
  Rendered layout layouts/application.html.erb (Duration: 11.8ms | Allocations: 2901)
Completed 200 OK in 20ms (Views: 17.4ms | Allocations: 3926)


Started GET "/geovanna" for ::1 at 2022-06-14 15:05:04 -0700
Processing by MainController#geovanna as HTML
  Rendering layout layouts/application.html.erb
  Rendering main/geovanna.html.erb within layouts/application
  Rendered main/geovanna.html.erb within layouts/application (Duration: 1.3ms | Allocations: 171)
  Rendered layout layouts/application.html.erb (Duration: 7.0ms | Allocations: 2581)
Completed 200 OK in 10ms (Views: 8.2ms | Allocations: 2957)


Started GET "/" for ::1 at 2022-06-14 15:05:07 -0700
Processing by MainController#home as HTML
  Rendering layout layouts/application.html.erb
  Rendering main/home.html.erb within layouts/application
  Rendered main/home.html.erb within layouts/application (Duration: 0.2ms | Allocations: 54)
  Rendered layout layouts/application.html.erb (Duration: 4.6ms | Allocations: 2459)
Completed 200 OK in 6ms (Views: 5.2ms | Allocations: 2778)


Started GET "/stephen" for ::1 at 2022-06-14 15:05:08 -0700
Processing by MainController#stephen as HTML
  Rendering layout layouts/application.html.erb
  Rendering main/stephen.html.erb within layouts/application
  Rendered main/stephen.html.erb within layouts/application (Duration: 1.5ms | Allocations: 169)
  Rendered layout layouts/application.html.erb (Duration: 8.6ms | Allocations: 2576)
Completed 200 OK in 11ms (Views: 10.1ms | Allocations: 2951)


Started GET "/" for ::1 at 2022-06-14 15:05:12 -0700
Processing by MainController#home as HTML
  Rendering layout layouts/application.html.erb
  Rendering main/home.html.erb within layouts/application
  Rendered main/home.html.erb within layouts/application (Duration: 0.2ms | Allocations: 54)
  Rendered layout layouts/application.html.erb (Duration: 6.2ms | Allocations: 2462)
Completed 200 OK in 9ms (Views: 7.8ms | Allocations: 2780)


